[INFO ] 2022-11-21 09:27:59.891 [main] Log4j2 - -- Select --
[INFO ] 2022-11-21 09:27:59.905 [main] Log4j2 - Admin
[INFO ] 2022-11-21 09:27:59.933 [main] Log4j2 - ESS
[INFO ] 2022-11-21 09:28:00.135 [main] Log4j2 - user selected:Admin
[INFO ] 2022-11-21 09:28:01.986 [main] Log4j2 - User list contains 3 elements
[INFO ] 2022-11-21 09:28:01.998 [main] Log4j2 - -- Select --
[INFO ] 2022-11-21 09:28:02.013 [main] Log4j2 - Enabled
[INFO ] 2022-11-21 09:28:02.028 [main] Log4j2 - Disabled
[INFO ] 2022-11-21 09:28:02.194 [main] Log4j2 - user selected:Enabled
[INFO ] 2022-11-21 09:29:05.649 [main] Log4j2 - User list contains 3 elements
[INFO ] 2022-11-21 09:29:05.665 [main] Log4j2 - -- Select --
[INFO ] 2022-11-21 09:29:05.681 [main] Log4j2 - Admin
[INFO ] 2022-11-21 09:29:05.743 [main] Log4j2 - ESS
[INFO ] 2022-11-21 09:29:05.952 [main] Log4j2 - user selected:Admin
[INFO ] 2022-11-21 09:29:07.745 [main] Log4j2 - User list contains 3 elements
[INFO ] 2022-11-21 09:29:07.776 [main] Log4j2 - -- Select --
[INFO ] 2022-11-21 09:29:07.795 [main] Log4j2 - Enabled
[INFO ] 2022-11-21 09:29:07.824 [main] Log4j2 - Disabled
[INFO ] 2022-11-21 09:29:07.999 [main] Log4j2 - user selected:Enabled
[INFO ] 2022-11-21 09:30:47.209 [main] Log4j2 - User list contains 3 elements
[INFO ] 2022-11-21 09:30:47.252 [main] Log4j2 - -- Select --
[INFO ] 2022-11-21 09:30:47.278 [main] Log4j2 - Admin
[INFO ] 2022-11-21 09:30:47.297 [main] Log4j2 - ESS
[INFO ] 2022-11-21 09:30:47.506 [main] Log4j2 - user selected:Admin
[INFO ] 2022-11-21 09:30:49.285 [main] Log4j2 - User list contains 3 elements
[INFO ] 2022-11-21 09:30:49.313 [main] Log4j2 - -- Select --
[INFO ] 2022-11-21 09:30:49.345 [main] Log4j2 - Enabled
[INFO ] 2022-11-21 09:30:49.379 [main] Log4j2 - Disabled
[INFO ] 2022-11-21 09:30:49.574 [main] Log4j2 - user selected:Enabled
[INFO ] 2022-11-21 09:31:40.138 [main] Log4j2 - User list contains 3 elements
[INFO ] 2022-11-21 09:31:40.159 [main] Log4j2 - -- Select --
[INFO ] 2022-11-21 09:31:40.170 [main] Log4j2 - Admin
