[INFO ] 2022-11-15 21:00:31.993 [main] Log4j2 - Disabled
[INFO ] 2022-11-15 21:00:32.138 [main] Log4j2 - user selected:Enabled
[INFO ] 2022-11-15 21:00:57.977 [main] Log4j2 - User list contains 3 elements
[INFO ] 2022-11-15 21:00:57.991 [main] Log4j2 - -- Select --
[INFO ] 2022-11-15 21:00:58.000 [main] Log4j2 - Admin
[INFO ] 2022-11-15 21:00:58.011 [main] Log4j2 - ESS
[INFO ] 2022-11-15 21:00:58.174 [main] Log4j2 - user selected:Admin
[INFO ] 2022-11-15 21:01:00.668 [main] Log4j2 - User list contains 3 elements
[INFO ] 2022-11-15 21:01:00.680 [main] Log4j2 - -- Select --
[INFO ] 2022-11-15 21:01:00.691 [main] Log4j2 - Enabled
[INFO ] 2022-11-15 21:01:00.703 [main] Log4j2 - Disabled
[INFO ] 2022-11-15 21:01:00.848 [main] Log4j2 - user selected:Enabled
[INFO ] 2022-11-15 22:43:52.403 [main] Log4j2 - User list contains 3 elements
[INFO ] 2022-11-15 22:43:52.422 [main] Log4j2 - -- Select --
[INFO ] 2022-11-15 22:43:52.433 [main] Log4j2 - Admin
[INFO ] 2022-11-15 22:43:52.448 [main] Log4j2 - ESS
[INFO ] 2022-11-15 22:43:52.633 [main] Log4j2 - user selected:Admin
[INFO ] 2022-11-15 22:43:55.216 [main] Log4j2 - User list contains 3 elements
[INFO ] 2022-11-15 22:43:55.228 [main] Log4j2 - -- Select --
[INFO ] 2022-11-15 22:43:55.240 [main] Log4j2 - Enabled
[INFO ] 2022-11-15 22:43:55.252 [main] Log4j2 - Disabled
[INFO ] 2022-11-15 22:43:55.407 [main] Log4j2 - user selected:Enabled
[INFO ] 2022-11-15 23:26:56.937 [main] Log4j2 - User list contains 3 elements
[INFO ] 2022-11-15 23:26:56.954 [main] Log4j2 - -- Select --
[INFO ] 2022-11-15 23:26:56.965 [main] Log4j2 - Admin
[INFO ] 2022-11-15 23:26:56.976 [main] Log4j2 - ESS
[INFO ] 2022-11-15 23:26:57.138 [main] Log4j2 - user selected:Admin
[INFO ] 2022-11-15 23:26:59.699 [main] Log4j2 - User list contains 3 elements
[INFO ] 2022-11-15 23:26:59.712 [main] Log4j2 - -- Select --
[INFO ] 2022-11-15 23:26:59.726 [main] Log4j2 - Enabled
[INFO ] 2022-11-15 23:26:59.738 [main] Log4j2 - Disabled
[INFO ] 2022-11-15 23:26:59.879 [main] Log4j2 - user selected:Enabled
