[INFO ] 2022-11-21 09:19:18.258 [main] Log4j2 - User list contains 3 elements
[INFO ] 2022-11-21 09:19:18.313 [main] Log4j2 - -- Select --
[INFO ] 2022-11-21 09:19:18.346 [main] Log4j2 - Enabled
[INFO ] 2022-11-21 09:19:18.370 [main] Log4j2 - Disabled
[INFO ] 2022-11-21 09:19:18.561 [main] Log4j2 - user selected:Enabled
[INFO ] 2022-11-21 09:20:20.806 [main] Log4j2 - User list contains 3 elements
[INFO ] 2022-11-21 09:20:20.838 [main] Log4j2 - -- Select --
[INFO ] 2022-11-21 09:20:20.868 [main] Log4j2 - Admin
[INFO ] 2022-11-21 09:20:20.884 [main] Log4j2 - ESS
[INFO ] 2022-11-21 09:20:21.078 [main] Log4j2 - user selected:Admin
[INFO ] 2022-11-21 09:20:22.015 [main] Log4j2 - User list contains 3 elements
[INFO ] 2022-11-21 09:20:22.035 [main] Log4j2 - -- Select --
[INFO ] 2022-11-21 09:20:22.078 [main] Log4j2 - Enabled
[INFO ] 2022-11-21 09:20:22.108 [main] Log4j2 - Disabled
[INFO ] 2022-11-21 09:20:22.295 [main] Log4j2 - user selected:Enabled
[INFO ] 2022-11-21 09:21:02.104 [main] Log4j2 - User list contains 3 elements
[INFO ] 2022-11-21 09:21:02.138 [main] Log4j2 - -- Select --
[INFO ] 2022-11-21 09:21:02.153 [main] Log4j2 - Admin
[INFO ] 2022-11-21 09:21:02.156 [main] Log4j2 - ESS
[INFO ] 2022-11-21 09:21:02.347 [main] Log4j2 - user selected:Admin
[INFO ] 2022-11-21 09:21:03.123 [main] Log4j2 - User list contains 3 elements
[INFO ] 2022-11-21 09:21:03.138 [main] Log4j2 - -- Select --
[INFO ] 2022-11-21 09:21:03.160 [main] Log4j2 - Enabled
[INFO ] 2022-11-21 09:21:03.176 [main] Log4j2 - Disabled
[INFO ] 2022-11-21 09:21:03.344 [main] Log4j2 - user selected:Enabled
[INFO ] 2022-11-21 09:22:57.306 [main] Log4j2 - User list contains 3 elements
[INFO ] 2022-11-21 09:22:57.317 [main] Log4j2 - -- Select --
[INFO ] 2022-11-21 09:22:57.332 [main] Log4j2 - Admin
[INFO ] 2022-11-21 09:22:57.348 [main] Log4j2 - ESS
[INFO ] 2022-11-21 09:22:57.547 [main] Log4j2 - user selected:Admin
[INFO ] 2022-11-21 09:22:58.277 [main] Log4j2 - User list contains 3 elements
[INFO ] 2022-11-21 09:22:58.300 [main] Log4j2 - -- Select --
