[INFO ] 2022-11-14 16:57:28.870 [main] Log4j2 - 
[INFO ] 2022-11-14 16:57:28.920 [main] Log4j2 - 35% off
[INFO ] 2022-11-14 16:57:28.932 [main] Log4j2 - 38% off
[INFO ] 2022-11-14 16:57:28.949 [main] Log4j2 - 45% off
[INFO ] 2022-11-14 16:57:28.961 [main] Log4j2 - 30% off
[INFO ] 2022-11-14 16:57:28.973 [main] Log4j2 - 
[INFO ] 2022-11-14 16:57:28.987 [main] Log4j2 - 
[INFO ] 2022-11-14 17:00:24.215 [main] Log4j2 - Hindi Sahitya Ka Itihas
[INFO ] 2022-11-14 17:00:24.232 [main] Log4j2 - Eternal Echoes
[INFO ] 2022-11-14 17:00:24.245 [main] Log4j2 - Ret Samadhi
[INFO ] 2022-11-14 17:00:24.254 [main] Log4j2 - How to Read a Book
[INFO ] 2022-11-14 17:00:24.266 [main] Log4j2 - The Routledge History of Literature in English
[INFO ] 2022-11-14 17:00:24.326 [main] Log4j2 - Vikramorvashiyam
[INFO ] 2022-11-14 17:00:24.355 [main] Log4j2 - 35% off
[INFO ] 2022-11-14 17:00:24.366 [main] Log4j2 - 38% off
[INFO ] 2022-11-14 17:00:24.381 [main] Log4j2 - 45% off
[INFO ] 2022-11-14 17:00:24.393 [main] Log4j2 - 30% off
[INFO ] 2022-11-14 17:00:24.405 [main] Log4j2 - 11% off
[INFO ] 2022-11-14 17:00:24.423 [main] Log4j2 - 35% off
[INFO ] 2022-11-14 17:02:45.463 [main] Log4j2 - Hindi Sahitya Ka Itihas
[INFO ] 2022-11-14 17:02:45.480 [main] Log4j2 - Eternal Echoes
[INFO ] 2022-11-14 17:02:45.494 [main] Log4j2 - Ret Samadhi
[INFO ] 2022-11-14 17:02:45.506 [main] Log4j2 - How to Read a Book
[INFO ] 2022-11-14 17:02:45.517 [main] Log4j2 - The Routledge History of Literature in English
[INFO ] 2022-11-14 17:02:45.528 [main] Log4j2 - Vikramorvashiyam
[INFO ] 2022-11-14 17:02:45.549 [main] Log4j2 - 35% off
[INFO ] 2022-11-14 17:02:45.562 [main] Log4j2 - 38% off
[INFO ] 2022-11-14 17:02:45.573 [main] Log4j2 - 45% off
[INFO ] 2022-11-14 17:02:45.584 [main] Log4j2 - 30% off
[INFO ] 2022-11-14 17:02:45.594 [main] Log4j2 - 11% off
[INFO ] 2022-11-14 17:02:45.606 [main] Log4j2 - 35% off
