[INFO ] 2022-11-20 23:15:55.305 [main] Log4j2 - title of toast Success
[INFO ] 2022-11-20 23:15:58.656 [main] Log4j2 - title of toast Success
[INFO ] 2022-11-20 23:16:30.406 [main] Log4j2 - User list contains 3 elements
[INFO ] 2022-11-20 23:16:30.427 [main] Log4j2 - -- Select --
[INFO ] 2022-11-20 23:16:30.447 [main] Log4j2 - Admin
[INFO ] 2022-11-20 23:16:30.466 [main] Log4j2 - ESS
[INFO ] 2022-11-20 23:16:30.651 [main] Log4j2 - user selected:Admin
[INFO ] 2022-11-20 23:16:33.599 [main] Log4j2 - User list contains 3 elements
[INFO ] 2022-11-20 23:16:33.614 [main] Log4j2 - -- Select --
[INFO ] 2022-11-20 23:16:33.633 [main] Log4j2 - Enabled
[INFO ] 2022-11-20 23:16:33.652 [main] Log4j2 - Disabled
[INFO ] 2022-11-20 23:16:33.822 [main] Log4j2 - user selected:Enabled
[INFO ] 2022-11-20 23:19:01.125 [main] Log4j2 - User list contains 3 elements
[INFO ] 2022-11-20 23:19:01.167 [main] Log4j2 - -- Select --
[INFO ] 2022-11-20 23:19:01.182 [main] Log4j2 - Admin
[INFO ] 2022-11-20 23:19:01.190 [main] Log4j2 - ESS
[INFO ] 2022-11-20 23:19:01.372 [main] Log4j2 - user selected:Admin
[INFO ] 2022-11-20 23:19:04.255 [main] Log4j2 - User list contains 3 elements
[INFO ] 2022-11-20 23:19:04.269 [main] Log4j2 - -- Select --
[INFO ] 2022-11-20 23:19:04.273 [main] Log4j2 - Enabled
[INFO ] 2022-11-20 23:19:04.287 [main] Log4j2 - Disabled
[INFO ] 2022-11-20 23:19:04.473 [main] Log4j2 - user selected:Enabled
[INFO ] 2022-11-20 23:21:29.834 [main] Log4j2 - User list contains 3 elements
[INFO ] 2022-11-20 23:21:29.870 [main] Log4j2 - -- Select --
[INFO ] 2022-11-20 23:21:29.882 [main] Log4j2 - Admin
[INFO ] 2022-11-20 23:21:29.904 [main] Log4j2 - ESS
[INFO ] 2022-11-20 23:21:30.091 [main] Log4j2 - user selected:Admin
[INFO ] 2022-11-20 23:21:32.967 [main] Log4j2 - User list contains 3 elements
[INFO ] 2022-11-20 23:21:32.983 [main] Log4j2 - -- Select --
[INFO ] 2022-11-20 23:21:32.996 [main] Log4j2 - Enabled
[INFO ] 2022-11-20 23:21:33.005 [main] Log4j2 - Disabled
[INFO ] 2022-11-20 23:21:33.162 [main] Log4j2 - user selected:Enabled
