[INFO ] 2022-11-19 11:23:20.641 [main] Log4j2 - 1002
[INFO ] 2022-11-19 11:23:20.678 [main] Log4j2 - GlacierSunGlasses
[INFO ] 2022-11-19 11:23:20.715 [main] Log4j2 - $67.99
[INFO ] 2022-11-19 11:23:20.767 [main] Log4j2 - 0
[INFO ] 2022-11-19 11:23:20.821 [main] Log4j2 - 1003
[INFO ] 2022-11-19 11:23:20.858 [main] Log4j2 - PaddedSocks
[INFO ] 2022-11-19 11:23:20.893 [main] Log4j2 - $19.99
[INFO ] 2022-11-19 11:23:20.940 [main] Log4j2 - 0
[INFO ] 2022-11-19 11:23:20.989 [main] Log4j2 - 1004
[INFO ] 2022-11-19 11:23:21.024 [main] Log4j2 - HikingBoots
[INFO ] 2022-11-19 11:23:21.056 [main] Log4j2 - $109.90
[INFO ] 2022-11-19 11:23:21.104 [main] Log4j2 - 2
[INFO ] 2022-11-19 11:23:21.157 [main] Log4j2 - 1005
[INFO ] 2022-11-19 11:23:21.193 [main] Log4j2 - BackCountryShorts
[INFO ] 2022-11-19 11:23:21.280 [main] Log4j2 - $24.95
[INFO ] 2022-11-19 11:23:21.342 [main] Log4j2 - 0
[INFO ] 2022-11-19 12:44:41.279 [main] Log4j2 - Home Page Title:Welcome to Green Mountain Outpost
[INFO ] 2022-11-19 12:44:44.047 [main] Log4j2 - ItemNumber
[INFO ] 2022-11-19 12:44:44.083 [main] Log4j2 - ItemName
[INFO ] 2022-11-19 12:44:44.123 [main] Log4j2 - UnitPrice
[INFO ] 2022-11-19 12:44:44.160 [main] Log4j2 - OrderQuantity
[INFO ] 2022-11-19 12:44:44.214 [main] Log4j2 - 1000
[INFO ] 2022-11-19 12:44:44.248 [main] Log4j2 - 3PersonDomeTent
[INFO ] 2022-11-19 12:44:44.280 [main] Log4j2 - $299.99
[INFO ] 2022-11-19 12:44:44.334 [main] Log4j2 - 0
[INFO ] 2022-11-19 12:44:44.387 [main] Log4j2 - 1001
[INFO ] 2022-11-19 12:44:44.417 [main] Log4j2 - ExternalFrameBackpack
[INFO ] 2022-11-19 12:44:44.453 [main] Log4j2 - $179.95
[INFO ] 2022-11-19 12:44:44.510 [main] Log4j2 - 1
[INFO ] 2022-11-19 12:44:44.564 [main] Log4j2 - 1002
[INFO ] 2022-11-19 12:44:44.595 [main] Log4j2 - GlacierSunGlasses
[INFO ] 2022-11-19 12:44:44.630 [main] Log4j2 - $67.99
[INFO ] 2022-11-19 12:44:44.679 [main] Log4j2 - 0
[INFO ] 2022-11-19 12:44:44.735 [main] Log4j2 - 1003
[INFO ] 2022-11-19 12:44:44.768 [main] Log4j2 - PaddedSocks
[INFO ] 2022-11-19 12:44:44.807 [main] Log4j2 - $19.99
