[INFO ] 2022-11-20 23:38:30.214 [main] Log4j2 - user selected:Enabled
[INFO ] 2022-11-20 23:44:17.963 [main] Log4j2 - User list contains 3 elements
[INFO ] 2022-11-20 23:44:17.990 [main] Log4j2 - -- Select --
[INFO ] 2022-11-20 23:44:17.995 [main] Log4j2 - Admin
[INFO ] 2022-11-20 23:44:18.010 [main] Log4j2 - ESS
[INFO ] 2022-11-20 23:44:18.201 [main] Log4j2 - user selected:Admin
[INFO ] 2022-11-20 23:44:21.042 [main] Log4j2 - User list contains 3 elements
[INFO ] 2022-11-20 23:44:21.058 [main] Log4j2 - -- Select --
[INFO ] 2022-11-20 23:44:21.074 [main] Log4j2 - Enabled
[INFO ] 2022-11-20 23:44:21.078 [main] Log4j2 - Disabled
[INFO ] 2022-11-20 23:44:21.256 [main] Log4j2 - user selected:Enabled
[INFO ] 2022-11-20 23:47:31.400 [main] Log4j2 - User list contains 3 elements
[INFO ] 2022-11-20 23:47:31.480 [main] Log4j2 - -- Select --
[INFO ] 2022-11-20 23:47:31.495 [main] Log4j2 - Admin
[INFO ] 2022-11-20 23:47:31.515 [main] Log4j2 - ESS
[INFO ] 2022-11-20 23:47:31.703 [main] Log4j2 - user selected:Admin
[INFO ] 2022-11-20 23:47:34.657 [main] Log4j2 - User list contains 3 elements
[INFO ] 2022-11-20 23:47:34.681 [main] Log4j2 - -- Select --
[INFO ] 2022-11-20 23:47:34.697 [main] Log4j2 - Enabled
[INFO ] 2022-11-20 23:47:34.713 [main] Log4j2 - Disabled
[INFO ] 2022-11-20 23:47:34.888 [main] Log4j2 - user selected:Enabled
[INFO ] 2022-11-20 23:48:56.788 [main] Log4j2 - User list contains 3 elements
[INFO ] 2022-11-20 23:48:56.819 [main] Log4j2 - -- Select --
[INFO ] 2022-11-20 23:48:56.850 [main] Log4j2 - Admin
[INFO ] 2022-11-20 23:48:56.872 [main] Log4j2 - ESS
[INFO ] 2022-11-20 23:48:57.059 [main] Log4j2 - user selected:Admin
[INFO ] 2022-11-20 23:48:59.930 [main] Log4j2 - User list contains 3 elements
[INFO ] 2022-11-20 23:48:59.945 [main] Log4j2 - -- Select --
[INFO ] 2022-11-20 23:48:59.968 [main] Log4j2 - Enabled
[INFO ] 2022-11-20 23:48:59.985 [main] Log4j2 - Disabled
[INFO ] 2022-11-20 23:49:00.151 [main] Log4j2 - user selected:Enabled
[INFO ] 2022-11-20 23:51:45.945 [main] Log4j2 - User list contains 3 elements
