[INFO ] 2022-11-16 17:01:28.075 [TestNG-test=TestParallel-2] Log4j2 - 36% off
[INFO ] 2022-11-16 17:01:28.092 [TestNG-test=TestParallel-2] Log4j2 - 38% off
[INFO ] 2022-11-16 17:01:28.109 [TestNG-test=TestParallel-2] Log4j2 - 45% off
[INFO ] 2022-11-16 17:01:28.123 [TestNG-test=TestParallel-2] Log4j2 - 35% off
[INFO ] 2022-11-16 17:04:26.414 [TestNG-test=TestParallel-4] Log4j2 - First Window url:https://www.lambdatest.com/selenium-playground/window-popup-modal-demo
[INFO ] 2022-11-16 17:04:26.669 [TestNG-test=TestParallel-4] Log4j2 - Second window url:https://www.facebook.com/lambdatest/
[INFO ] 2022-11-16 17:05:26.877 [TestNG-test=TestParallel-2] Log4j2 - Hindi Sahitya Ka Saral Itihas
[INFO ] 2022-11-16 17:05:26.888 [TestNG-test=TestParallel-2] Log4j2 - 1984
[INFO ] 2022-11-16 17:05:26.918 [TestNG-test=TestParallel-2] Log4j2 - Hindi Sahitya Ka Itihas
[INFO ] 2022-11-16 17:05:26.933 [TestNG-test=TestParallel-2] Log4j2 - Eternal Echoes
[INFO ] 2022-11-16 17:05:26.949 [TestNG-test=TestParallel-2] Log4j2 - Ret Samadhi
[INFO ] 2022-11-16 17:05:26.962 [TestNG-test=TestParallel-2] Log4j2 - Vikramorvashiyam
[INFO ] 2022-11-16 17:05:26.982 [TestNG-test=TestParallel-2] Log4j2 - 26% off
[INFO ] 2022-11-16 17:05:26.993 [TestNG-test=TestParallel-2] Log4j2 - 12% off
[INFO ] 2022-11-16 17:05:27.006 [TestNG-test=TestParallel-2] Log4j2 - 36% off
[INFO ] 2022-11-16 17:05:27.018 [TestNG-test=TestParallel-2] Log4j2 - 38% off
[INFO ] 2022-11-16 17:05:27.029 [TestNG-test=TestParallel-2] Log4j2 - 45% off
[INFO ] 2022-11-16 17:05:27.040 [TestNG-test=TestParallel-2] Log4j2 - 35% off
[INFO ] 2022-11-16 17:16:06.260 [TestNG-test=TestParallel-4] Log4j2 - First Window url:https://www.lambdatest.com/selenium-playground/window-popup-modal-demo
[INFO ] 2022-11-16 17:16:06.623 [TestNG-test=TestParallel-4] Log4j2 - Second window url:https://www.facebook.com/lambdatest/
[INFO ] 2022-11-16 17:16:47.821 [TestNG-test=TestParallel-2] Log4j2 - Hindi Sahitya Ka Saral Itihas
[INFO ] 2022-11-16 17:16:47.834 [TestNG-test=TestParallel-2] Log4j2 - 1984
