[INFO ] 2022-11-19 12:59:28.674 [main] Log4j2 - OrderQuantity
[INFO ] 2022-11-19 12:59:28.736 [main] Log4j2 - 1000
[INFO ] 2022-11-19 12:59:28.767 [main] Log4j2 - 3PersonDomeTent
[INFO ] 2022-11-19 12:59:28.805 [main] Log4j2 - $299.99
[INFO ] 2022-11-19 12:59:28.881 [main] Log4j2 - 0
[INFO ] 2022-11-19 12:59:28.947 [main] Log4j2 - 1001
[INFO ] 2022-11-19 12:59:28.984 [main] Log4j2 - ExternalFrameBackpack
[INFO ] 2022-11-19 12:59:29.054 [main] Log4j2 - $179.95
[INFO ] 2022-11-19 12:59:29.118 [main] Log4j2 - 1
[INFO ] 2022-11-19 12:59:29.199 [main] Log4j2 - 1002
[INFO ] 2022-11-19 12:59:29.237 [main] Log4j2 - GlacierSunGlasses
[INFO ] 2022-11-19 12:59:29.276 [main] Log4j2 - $67.99
[INFO ] 2022-11-19 12:59:29.331 [main] Log4j2 - 0
[INFO ] 2022-11-19 12:59:29.456 [main] Log4j2 - 1003
[INFO ] 2022-11-19 12:59:29.508 [main] Log4j2 - PaddedSocks
[INFO ] 2022-11-19 12:59:29.577 [main] Log4j2 - $19.99
[INFO ] 2022-11-19 12:59:29.641 [main] Log4j2 - 0
[INFO ] 2022-11-19 12:59:29.703 [main] Log4j2 - 1004
[INFO ] 2022-11-19 12:59:29.740 [main] Log4j2 - HikingBoots
[INFO ] 2022-11-19 12:59:29.784 [main] Log4j2 - $109.90
[INFO ] 2022-11-19 12:59:29.849 [main] Log4j2 - 2
[INFO ] 2022-11-19 12:59:29.914 [main] Log4j2 - 1005
[INFO ] 2022-11-19 12:59:29.959 [main] Log4j2 - BackCountryShorts
[INFO ] 2022-11-19 12:59:29.994 [main] Log4j2 - $24.95
[INFO ] 2022-11-19 12:59:30.047 [main] Log4j2 - 0
[INFO ] 2022-11-19 13:04:41.633 [main] Log4j2 - Home Page Title:Welcome to Green Mountain Outpost
[INFO ] 2022-11-19 13:04:44.278 [main] Log4j2 - ItemNumber
[INFO ] 2022-11-19 13:04:44.314 [main] Log4j2 - ItemName
[INFO ] 2022-11-19 13:04:44.352 [main] Log4j2 - UnitPrice
[INFO ] 2022-11-19 13:04:44.395 [main] Log4j2 - OrderQuantity
[INFO ] 2022-11-19 13:04:44.462 [main] Log4j2 - 1000
[INFO ] 2022-11-19 13:04:44.499 [main] Log4j2 - 3PersonDomeTent
[INFO ] 2022-11-19 13:04:44.535 [main] Log4j2 - $299.99
[INFO ] 2022-11-19 13:04:44.598 [main] Log4j2 - 0
[INFO ] 2022-11-19 13:04:44.659 [main] Log4j2 - 1001
[INFO ] 2022-11-19 13:04:44.694 [main] Log4j2 - ExternalFrameBackpack
