[INFO ] 2022-11-15 23:27:37.657 [main] Log4j2 - User list contains 3 elements
[INFO ] 2022-11-15 23:27:37.676 [main] Log4j2 - -- Select --
[INFO ] 2022-11-15 23:27:37.687 [main] Log4j2 - Admin
[INFO ] 2022-11-15 23:27:37.697 [main] Log4j2 - ESS
[INFO ] 2022-11-15 23:27:37.853 [main] Log4j2 - user selected:Admin
[INFO ] 2022-11-15 23:27:40.400 [main] Log4j2 - User list contains 3 elements
[INFO ] 2022-11-15 23:27:40.414 [main] Log4j2 - -- Select --
[INFO ] 2022-11-15 23:27:40.427 [main] Log4j2 - Enabled
[INFO ] 2022-11-15 23:27:40.440 [main] Log4j2 - Disabled
[INFO ] 2022-11-15 23:27:40.591 [main] Log4j2 - user selected:Enabled
[INFO ] 2022-11-15 23:28:27.238 [main] Log4j2 - User list contains 3 elements
[INFO ] 2022-11-15 23:28:27.250 [main] Log4j2 - -- Select --
[INFO ] 2022-11-15 23:28:27.303 [main] Log4j2 - Admin
[INFO ] 2022-11-15 23:28:27.313 [main] Log4j2 - ESS
[INFO ] 2022-11-15 23:28:27.512 [main] Log4j2 - user selected:Admin
[INFO ] 2022-11-15 23:28:29.040 [main] Log4j2 - User list contains 3 elements
[INFO ] 2022-11-15 23:28:29.053 [main] Log4j2 - -- Select --
[INFO ] 2022-11-15 23:28:29.066 [main] Log4j2 - Enabled
[INFO ] 2022-11-15 23:28:29.077 [main] Log4j2 - Disabled
[INFO ] 2022-11-15 23:28:29.219 [main] Log4j2 - user selected:Enabled
[INFO ] 2022-11-15 23:30:28.938 [main] Log4j2 - User list contains 3 elements
[INFO ] 2022-11-15 23:30:28.956 [main] Log4j2 - -- Select --
[INFO ] 2022-11-15 23:30:28.968 [main] Log4j2 - Admin
[INFO ] 2022-11-15 23:30:28.979 [main] Log4j2 - ESS
[INFO ] 2022-11-15 23:30:29.145 [main] Log4j2 - user selected:Admin
[INFO ] 2022-11-15 23:30:31.781 [main] Log4j2 - User list contains 3 elements
[INFO ] 2022-11-15 23:30:31.795 [main] Log4j2 - -- Select --
[INFO ] 2022-11-15 23:30:31.807 [main] Log4j2 - Enabled
[INFO ] 2022-11-15 23:30:31.819 [main] Log4j2 - Disabled
[INFO ] 2022-11-15 23:30:31.988 [main] Log4j2 - user selected:Enabled
[INFO ] 2022-11-15 23:42:34.798 [main] Log4j2 - User list contains 3 elements
[INFO ] 2022-11-15 23:42:34.814 [main] Log4j2 - -- Select --
