[INFO ] 2022-11-16 16:09:02.925 [TestNG-test=TestParallel-3] Log4j2 - 12% off
[INFO ] 2022-11-16 16:09:02.950 [TestNG-test=TestParallel-3] Log4j2 - 36% off
[INFO ] 2022-11-16 16:09:02.964 [TestNG-test=TestParallel-3] Log4j2 - 38% off
[INFO ] 2022-11-16 16:09:02.982 [TestNG-test=TestParallel-3] Log4j2 - 45% off
[INFO ] 2022-11-16 16:09:02.998 [TestNG-test=TestParallel-3] Log4j2 - 35% off
[INFO ] 2022-11-16 16:27:18.004 [main] Log4j2 - title of toast 
[INFO ] 2022-11-16 16:27:25.230 [main] Log4j2 - User list contains 3 elements
[INFO ] 2022-11-16 16:27:25.249 [main] Log4j2 - -- Select --
[INFO ] 2022-11-16 16:27:25.263 [main] Log4j2 - Admin
[INFO ] 2022-11-16 16:27:25.277 [main] Log4j2 - ESS
[INFO ] 2022-11-16 16:27:25.449 [main] Log4j2 - user selected:Admin
[INFO ] 2022-11-16 16:27:28.228 [main] Log4j2 - User list contains 3 elements
[INFO ] 2022-11-16 16:27:28.240 [main] Log4j2 - -- Select --
[INFO ] 2022-11-16 16:27:28.252 [main] Log4j2 - Enabled
[INFO ] 2022-11-16 16:27:28.262 [main] Log4j2 - Disabled
[INFO ] 2022-11-16 16:27:28.414 [main] Log4j2 - user selected:Enabled
[INFO ] 2022-11-16 17:00:39.933 [TestNG-test=TestParallel-4] Log4j2 - First Window url:https://www.lambdatest.com/selenium-playground/window-popup-modal-demo
[INFO ] 2022-11-16 17:00:40.002 [TestNG-test=TestParallel-4] Log4j2 - Second window url:https://www.facebook.com/lambdatest/
[INFO ] 2022-11-16 17:01:27.906 [TestNG-test=TestParallel-2] Log4j2 - Hindi Sahitya Ka Saral Itihas
[INFO ] 2022-11-16 17:01:27.917 [TestNG-test=TestParallel-2] Log4j2 - 1984
[INFO ] 2022-11-16 17:01:27.930 [TestNG-test=TestParallel-2] Log4j2 - Hindi Sahitya Ka Itihas
[INFO ] 2022-11-16 17:01:27.942 [TestNG-test=TestParallel-2] Log4j2 - Eternal Echoes
[INFO ] 2022-11-16 17:01:27.960 [TestNG-test=TestParallel-2] Log4j2 - Ret Samadhi
[INFO ] 2022-11-16 17:01:27.979 [TestNG-test=TestParallel-2] Log4j2 - Vikramorvashiyam
[INFO ] 2022-11-16 17:01:28.000 [TestNG-test=TestParallel-2] Log4j2 - 26% off
[INFO ] 2022-11-16 17:01:28.034 [TestNG-test=TestParallel-2] Log4j2 - 12% off
