[INFO ] 2022-11-19 10:02:40.677 [main] Log4j2 - Home Page Title:Welcome to Green Mountain Outpost
[INFO ] 2022-11-19 10:03:53.726 [main] Log4j2 - Home Page Title:Welcome to Green Mountain Outpost
[INFO ] 2022-11-19 10:04:20.846 [main] Log4j2 - Home Page Title:Welcome to Green Mountain Outpost
[INFO ] 2022-11-19 10:06:07.229 [main] Log4j2 - Home Page Title:Welcome to Green Mountain Outpost
[INFO ] 2022-11-19 10:06:07.862 [main] Log4j2 - Welcome to Green Mountain Outpost
[INFO ] 2022-11-19 10:06:08.983 [main] Log4j2 - Welcome to Green Mountain Outpost
[INFO ] 2022-11-19 10:09:46.063 [main] Log4j2 - Home Page Title:Welcome to Green Mountain Outpost
[INFO ] 2022-11-19 10:13:01.021 [main] Log4j2 - Home Page Title:Welcome to Green Mountain Outpost
[INFO ] 2022-11-19 10:13:32.327 [main] Log4j2 - Home Page Title:Welcome to Green Mountain Outpost
[INFO ] 2022-11-19 10:14:58.931 [main] Log4j2 - Home Page Title:Welcome to Green Mountain Outpost
[INFO ] 2022-11-19 10:15:18.824 [main] Log4j2 - Home Page Title:Welcome to Green Mountain Outpost
[INFO ] 2022-11-19 11:20:01.228 [main] Log4j2 - Home Page Title:Welcome to Green Mountain Outpost
[INFO ] 2022-11-19 11:20:25.037 [main] Log4j2 - Home Page Title:Welcome to Green Mountain Outpost
[INFO ] 2022-11-19 11:23:17.700 [main] Log4j2 - Home Page Title:Welcome to Green Mountain Outpost
[INFO ] 2022-11-19 11:23:20.070 [main] Log4j2 - ItemNumber
[INFO ] 2022-11-19 11:23:20.104 [main] Log4j2 - ItemName
[INFO ] 2022-11-19 11:23:20.139 [main] Log4j2 - UnitPrice
[INFO ] 2022-11-19 11:23:20.174 [main] Log4j2 - OrderQuantity
[INFO ] 2022-11-19 11:23:20.227 [main] Log4j2 - 1000
[INFO ] 2022-11-19 11:23:20.260 [main] Log4j2 - 3PersonDomeTent
[INFO ] 2022-11-19 11:23:20.292 [main] Log4j2 - $299.99
[INFO ] 2022-11-19 11:23:20.404 [main] Log4j2 - 0
[INFO ] 2022-11-19 11:23:20.466 [main] Log4j2 - 1001
[INFO ] 2022-11-19 11:23:20.500 [main] Log4j2 - ExternalFrameBackpack
[INFO ] 2022-11-19 11:23:20.534 [main] Log4j2 - $179.95
[INFO ] 2022-11-19 11:23:20.589 [main] Log4j2 - 1
