[INFO ] 2022-11-15 23:54:02.387 [main] Log4j2 - User list contains 3 elements
[INFO ] 2022-11-15 23:54:02.423 [main] Log4j2 - -- Select --
[INFO ] 2022-11-15 23:54:02.441 [main] Log4j2 - Enabled
[INFO ] 2022-11-15 23:54:02.461 [main] Log4j2 - Disabled
[INFO ] 2022-11-15 23:54:02.620 [main] Log4j2 - user selected:Enabled
[INFO ] 2022-11-15 23:54:31.868 [main] Log4j2 - User list contains 3 elements
[INFO ] 2022-11-15 23:54:31.893 [main] Log4j2 - -- Select --
[INFO ] 2022-11-15 23:54:31.904 [main] Log4j2 - Admin
[INFO ] 2022-11-15 23:54:31.917 [main] Log4j2 - ESS
[INFO ] 2022-11-15 23:54:32.106 [main] Log4j2 - user selected:Admin
[INFO ] 2022-11-15 23:54:34.715 [main] Log4j2 - User list contains 3 elements
[INFO ] 2022-11-15 23:54:34.731 [main] Log4j2 - -- Select --
[INFO ] 2022-11-15 23:54:34.784 [main] Log4j2 - Enabled
[INFO ] 2022-11-15 23:54:34.794 [main] Log4j2 - Disabled
[INFO ] 2022-11-15 23:54:34.951 [main] Log4j2 - user selected:Enabled
[INFO ] 2022-11-15 23:58:05.503 [main] Log4j2 - User list contains 3 elements
[INFO ] 2022-11-15 23:58:05.518 [main] Log4j2 - -- Select --
[INFO ] 2022-11-15 23:58:05.529 [main] Log4j2 - Admin
[INFO ] 2022-11-15 23:58:05.540 [main] Log4j2 - ESS
[INFO ] 2022-11-15 23:58:05.718 [main] Log4j2 - user selected:Admin
[INFO ] 2022-11-15 23:58:08.268 [main] Log4j2 - User list contains 3 elements
[INFO ] 2022-11-15 23:58:08.282 [main] Log4j2 - -- Select --
[INFO ] 2022-11-15 23:58:08.293 [main] Log4j2 - Enabled
[INFO ] 2022-11-15 23:58:08.307 [main] Log4j2 - Disabled
[INFO ] 2022-11-15 23:58:08.449 [main] Log4j2 - user selected:Enabled
[INFO ] 2022-11-15 23:58:10.780 [main] Log4j2 - title of toast 
[INFO ] 2022-11-15 23:58:10.781 [main] Log4j2 - message of toast Success
[INFO ] 2022-11-15 23:59:51.404 [main] Log4j2 - User list contains 3 elements
[INFO ] 2022-11-15 23:59:51.420 [main] Log4j2 - -- Select --
[INFO ] 2022-11-15 23:59:51.433 [main] Log4j2 - Admin
[INFO ] 2022-11-15 23:59:51.443 [main] Log4j2 - ESS
[INFO ] 2022-11-15 23:59:51.615 [main] Log4j2 - user selected:Admin
