[INFO ] 2022-11-20 23:51:45.961 [main] Log4j2 - -- Select --
[INFO ] 2022-11-20 23:51:46.024 [main] Log4j2 - Admin
[INFO ] 2022-11-20 23:51:46.040 [main] Log4j2 - ESS
[INFO ] 2022-11-20 23:51:46.261 [main] Log4j2 - user selected:Admin
[INFO ] 2022-11-20 23:51:46.982 [main] Log4j2 - User list contains 3 elements
[INFO ] 2022-11-20 23:51:46.994 [main] Log4j2 - -- Select --
[INFO ] 2022-11-20 23:51:47.006 [main] Log4j2 - Enabled
[INFO ] 2022-11-20 23:51:47.022 [main] Log4j2 - Disabled
[INFO ] 2022-11-20 23:51:47.204 [main] Log4j2 - user selected:Enabled
[INFO ] 2022-11-20 23:51:55.983 [main] Log4j2 - User list contains 3 elements
[INFO ] 2022-11-20 23:51:56.000 [main] Log4j2 - -- Select --
[INFO ] 2022-11-20 23:51:56.030 [main] Log4j2 - Admin
[INFO ] 2022-11-20 23:51:56.045 [main] Log4j2 - ESS
[INFO ] 2022-11-20 23:51:56.216 [main] Log4j2 - user selected:Admin
[INFO ] 2022-11-20 23:51:56.961 [main] Log4j2 - User list contains 3 elements
[INFO ] 2022-11-20 23:51:56.977 [main] Log4j2 - -- Select --
[INFO ] 2022-11-20 23:51:56.991 [main] Log4j2 - Enabled
[INFO ] 2022-11-20 23:51:57.015 [main] Log4j2 - Disabled
[INFO ] 2022-11-20 23:51:57.175 [main] Log4j2 - user selected:Enabled
[INFO ] 2022-11-20 23:54:24.070 [main] Log4j2 - User list contains 3 elements
[INFO ] 2022-11-20 23:54:24.102 [main] Log4j2 - -- Select --
[INFO ] 2022-11-20 23:54:24.117 [main] Log4j2 - Admin
[INFO ] 2022-11-20 23:54:24.134 [main] Log4j2 - ESS
[INFO ] 2022-11-20 23:54:24.331 [main] Log4j2 - user selected:Admin
[INFO ] 2022-11-20 23:54:25.099 [main] Log4j2 - User list contains 3 elements
[INFO ] 2022-11-20 23:54:25.107 [main] Log4j2 - -- Select --
[INFO ] 2022-11-20 23:54:25.123 [main] Log4j2 - Enabled
[INFO ] 2022-11-20 23:54:25.139 [main] Log4j2 - Disabled
[INFO ] 2022-11-20 23:54:25.307 [main] Log4j2 - user selected:Enabled
[INFO ] 2022-11-20 23:55:34.877 [main] Log4j2 - User list contains 3 elements
[INFO ] 2022-11-20 23:55:34.903 [main] Log4j2 - -- Select --
[INFO ] 2022-11-20 23:55:34.944 [main] Log4j2 - Admin
