[INFO ] 2022-11-15 23:42:34.832 [main] Log4j2 - Admin
[INFO ] 2022-11-15 23:42:34.850 [main] Log4j2 - ESS
[INFO ] 2022-11-15 23:42:35.057 [main] Log4j2 - user selected:Admin
[INFO ] 2022-11-15 23:42:37.597 [main] Log4j2 - User list contains 3 elements
[INFO ] 2022-11-15 23:42:37.611 [main] Log4j2 - -- Select --
[INFO ] 2022-11-15 23:42:37.625 [main] Log4j2 - Enabled
[INFO ] 2022-11-15 23:42:37.640 [main] Log4j2 - Disabled
[INFO ] 2022-11-15 23:42:37.830 [main] Log4j2 - user selected:Enabled
[INFO ] 2022-11-15 23:43:30.187 [main] Log4j2 - User list contains 3 elements
[INFO ] 2022-11-15 23:43:30.201 [main] Log4j2 - -- Select --
[INFO ] 2022-11-15 23:43:30.211 [main] Log4j2 - Admin
[INFO ] 2022-11-15 23:43:30.222 [main] Log4j2 - ESS
[INFO ] 2022-11-15 23:43:30.434 [main] Log4j2 - user selected:Admin
[INFO ] 2022-11-15 23:43:32.999 [main] Log4j2 - User list contains 3 elements
[INFO ] 2022-11-15 23:43:33.014 [main] Log4j2 - -- Select --
[INFO ] 2022-11-15 23:43:33.026 [main] Log4j2 - Enabled
[INFO ] 2022-11-15 23:43:33.038 [main] Log4j2 - Disabled
[INFO ] 2022-11-15 23:43:33.178 [main] Log4j2 - user selected:Enabled
[INFO ] 2022-11-15 23:48:07.225 [main] Log4j2 - User list contains 3 elements
[INFO ] 2022-11-15 23:48:07.241 [main] Log4j2 - -- Select --
[INFO ] 2022-11-15 23:48:07.254 [main] Log4j2 - Admin
[INFO ] 2022-11-15 23:48:07.267 [main] Log4j2 - ESS
[INFO ] 2022-11-15 23:48:07.446 [main] Log4j2 - user selected:Admin
[INFO ] 2022-11-15 23:48:09.999 [main] Log4j2 - User list contains 3 elements
[INFO ] 2022-11-15 23:48:10.014 [main] Log4j2 - -- Select --
[INFO ] 2022-11-15 23:48:10.030 [main] Log4j2 - Enabled
[INFO ] 2022-11-15 23:48:10.041 [main] Log4j2 - Disabled
[INFO ] 2022-11-15 23:48:10.190 [main] Log4j2 - user selected:Enabled
[INFO ] 2022-11-15 23:53:59.572 [main] Log4j2 - User list contains 3 elements
[INFO ] 2022-11-15 23:53:59.597 [main] Log4j2 - -- Select --
[INFO ] 2022-11-15 23:53:59.618 [main] Log4j2 - Admin
[INFO ] 2022-11-15 23:53:59.641 [main] Log4j2 - ESS
[INFO ] 2022-11-15 23:53:59.810 [main] Log4j2 - user selected:Admin
