[INFO ] 2022-11-17 16:49:48.475 [TestNG-tests-4] Log4j2 - 100 Selected Poems
[INFO ] 2022-11-17 16:49:48.492 [TestNG-tests-4] Log4j2 - Fantastic Beasts: The Crimes of Grindelwald - The Original Screen...
[INFO ] 2022-11-17 16:49:48.509 [TestNG-tests-4] Log4j2 - 12% off
[INFO ] 2022-11-17 16:49:48.518 [TestNG-tests-4] Log4j2 - 36% off
[INFO ] 2022-11-17 16:49:48.527 [TestNG-tests-4] Log4j2 - 38% off
[INFO ] 2022-11-17 16:49:48.536 [TestNG-tests-4] Log4j2 - 34% off
[INFO ] 2022-11-17 16:49:48.544 [TestNG-tests-4] Log4j2 - 35% off
[INFO ] 2022-11-17 16:49:48.554 [TestNG-tests-4] Log4j2 - 24% off
[INFO ] 2022-11-17 16:54:08.731 [TestNG-tests-4] Log4j2 - 1984
[INFO ] 2022-11-17 16:54:08.753 [TestNG-tests-4] Log4j2 - Hindi Sahitya Ka Itihas
[INFO ] 2022-11-17 16:54:08.765 [TestNG-tests-4] Log4j2 - Eternal Echoes
[INFO ] 2022-11-17 16:54:08.779 [TestNG-tests-4] Log4j2 - Vikramorvashiyam
[INFO ] 2022-11-17 16:54:08.792 [TestNG-tests-4] Log4j2 - 100 Selected Poems
[INFO ] 2022-11-17 16:54:08.802 [TestNG-tests-4] Log4j2 - Fantastic Beasts: The Crimes of Grindelwald - The Original Screen...
[INFO ] 2022-11-17 16:54:08.819 [TestNG-tests-4] Log4j2 - 12% off
[INFO ] 2022-11-17 16:54:08.828 [TestNG-tests-4] Log4j2 - 36% off
[INFO ] 2022-11-17 16:54:08.837 [TestNG-tests-4] Log4j2 - 38% off
[INFO ] 2022-11-17 16:54:08.848 [TestNG-tests-4] Log4j2 - 34% off
[INFO ] 2022-11-17 16:54:08.857 [TestNG-tests-4] Log4j2 - 35% off
[INFO ] 2022-11-17 16:54:08.867 [TestNG-tests-4] Log4j2 - 24% off
