[INFO ] 2022-11-16 00:01:15.612 [main] Log4j2 - User list contains 3 elements
[INFO ] 2022-11-16 00:01:15.650 [main] Log4j2 - -- Select --
[INFO ] 2022-11-16 00:01:15.662 [main] Log4j2 - Admin
[INFO ] 2022-11-16 00:01:15.672 [main] Log4j2 - ESS
[INFO ] 2022-11-16 00:01:15.844 [main] Log4j2 - user selected:Admin
[INFO ] 2022-11-16 00:01:18.366 [main] Log4j2 - User list contains 3 elements
[INFO ] 2022-11-16 00:01:18.379 [main] Log4j2 - -- Select --
[INFO ] 2022-11-16 00:01:18.393 [main] Log4j2 - Enabled
[INFO ] 2022-11-16 00:01:18.407 [main] Log4j2 - Disabled
[INFO ] 2022-11-16 00:01:18.563 [main] Log4j2 - user selected:Enabled
[INFO ] 2022-11-16 00:03:30.725 [main] Log4j2 - User list contains 3 elements
[INFO ] 2022-11-16 00:03:30.738 [main] Log4j2 - -- Select --
[INFO ] 2022-11-16 00:03:30.796 [main] Log4j2 - Admin
[INFO ] 2022-11-16 00:03:30.809 [main] Log4j2 - ESS
[INFO ] 2022-11-16 00:03:30.981 [main] Log4j2 - user selected:Admin
[INFO ] 2022-11-16 00:03:33.585 [main] Log4j2 - User list contains 3 elements
[INFO ] 2022-11-16 00:03:33.602 [main] Log4j2 - -- Select --
[INFO ] 2022-11-16 00:03:33.616 [main] Log4j2 - Enabled
[INFO ] 2022-11-16 00:03:33.632 [main] Log4j2 - Disabled
[INFO ] 2022-11-16 00:03:33.776 [main] Log4j2 - user selected:Enabled
[INFO ] 2022-11-16 00:03:36.247 [main] Log4j2 - title of toast Success
[INFO ] 2022-11-16 00:03:36.247 [main] Log4j2 - message of toast Successfully Saved
[INFO ] 2022-11-16 00:11:00.107 [main] Log4j2 - User list contains 3 elements
[INFO ] 2022-11-16 00:11:00.121 [main] Log4j2 - -- Select --
[INFO ] 2022-11-16 00:11:00.133 [main] Log4j2 - Admin
[INFO ] 2022-11-16 00:11:00.143 [main] Log4j2 - ESS
[INFO ] 2022-11-16 00:11:00.324 [main] Log4j2 - user selected:Admin
[INFO ] 2022-11-16 00:11:02.939 [main] Log4j2 - User list contains 3 elements
[INFO ] 2022-11-16 00:11:02.952 [main] Log4j2 - -- Select --
[INFO ] 2022-11-16 00:11:02.965 [main] Log4j2 - Enabled
[INFO ] 2022-11-16 00:11:02.977 [main] Log4j2 - Disabled
[INFO ] 2022-11-16 00:11:03.128 [main] Log4j2 - user selected:Enabled
