[INFO ] 2022-11-11 11:51:23.636 [main] Log4j2 - User list contains 3 elements
[INFO ] 2022-11-11 11:51:23.663 [main] Log4j2 - -- Select --
[INFO ] 2022-11-11 11:51:23.832 [main] Log4j2 - user selected:Admin
[INFO ] 2022-11-11 12:45:09.256 [main] Log4j2 - User list contains 3 elements
[INFO ] 2022-11-11 12:45:09.275 [main] Log4j2 - -- Select --
[INFO ] 2022-11-11 12:45:09.434 [main] Log4j2 - user selected:Admin
[INFO ] 2022-11-11 14:41:45.911 [main] Log4j2 - User list contains 3 elements
[INFO ] 2022-11-11 14:41:45.929 [main] Log4j2 - -- Select --
[INFO ] 2022-11-11 14:41:46.111 [main] Log4j2 - user selected:Admin
[INFO ] 2022-11-11 14:48:50.929 [main] Log4j2 - [[ChromeDriver: chrome on WINDOWS (33cdb165d2050ef55719a139ac8d0bc6)] -> xpath: //form/div[1]/div/div[1]/div/div[2]/div/div/div[2]/i] list contains 3 elements
[INFO ] 2022-11-11 14:48:50.958 [main] Log4j2 - -- Select --
[INFO ] 2022-11-11 14:48:51.132 [main] Log4j2 - [[ChromeDriver: chrome on WINDOWS (33cdb165d2050ef55719a139ac8d0bc6)] -> xpath: //form/div[1]/div/div[1]/div/div[2]/div/div/div[2]/i]selected:Admin
[INFO ] 2022-11-11 14:50:42.627 [main] Log4j2 -  list contains 3 elements
[INFO ] 2022-11-11 14:50:42.641 [main] Log4j2 - -- Select --
[INFO ] 2022-11-11 14:50:42.813 [main] Log4j2 - selected:Admin
[INFO ] 2022-11-11 14:54:41.730 [main] Log4j2 - User list contains 3 elements
[INFO ] 2022-11-11 14:54:41.757 [main] Log4j2 - -- Select --
[INFO ] 2022-11-11 14:54:41.927 [main] Log4j2 - user selected:Admin
[INFO ] 2022-11-11 14:55:57.869 [main] Log4j2 - User list contains 3 elements
[INFO ] 2022-11-11 14:55:57.889 [main] Log4j2 - -- Select --
[INFO ] 2022-11-11 14:55:58.066 [main] Log4j2 - user selected:Admin
[INFO ] 2022-11-11 14:58:19.118 [main] Log4j2 - User list contains 3 elements
[INFO ] 2022-11-11 14:58:19.134 [main] Log4j2 - -- Select --
[INFO ] 2022-11-11 14:58:19.308 [main] Log4j2 - user selected:Admin
[INFO ] 2022-11-11 15:01:27.673 [main] Log4j2 - User list contains 3 elements
[INFO ] 2022-11-11 15:01:27.688 [main] Log4j2 - -- Select --
