[INFO ] 2022-11-17 16:41:08.416 [TestNG-tests-4] Log4j2 - 1984
[INFO ] 2022-11-17 16:41:08.441 [TestNG-tests-4] Log4j2 - Hindi Sahitya Ka Itihas
[INFO ] 2022-11-17 16:41:08.456 [TestNG-tests-4] Log4j2 - Eternal Echoes
[INFO ] 2022-11-17 16:41:08.471 [TestNG-tests-4] Log4j2 - Vikramorvashiyam
[INFO ] 2022-11-17 16:41:08.485 [TestNG-tests-4] Log4j2 - 100 Selected Poems
[INFO ] 2022-11-17 16:41:08.496 [TestNG-tests-4] Log4j2 - Fantastic Beasts: The Crimes of Grindelwald - The Original Screen...
[INFO ] 2022-11-17 16:41:08.519 [TestNG-tests-4] Log4j2 - 12% off
[INFO ] 2022-11-17 16:41:08.533 [TestNG-tests-4] Log4j2 - 36% off
[INFO ] 2022-11-17 16:41:08.546 [TestNG-tests-4] Log4j2 - 38% off
[INFO ] 2022-11-17 16:41:08.557 [TestNG-tests-4] Log4j2 - 34% off
[INFO ] 2022-11-17 16:41:08.614 [TestNG-tests-4] Log4j2 - 35% off
[INFO ] 2022-11-17 16:41:08.626 [TestNG-tests-4] Log4j2 - 24% off
[INFO ] 2022-11-17 16:45:21.286 [TestNG-tests-4] Log4j2 - 1984
[INFO ] 2022-11-17 16:45:21.310 [TestNG-tests-4] Log4j2 - Hindi Sahitya Ka Itihas
[INFO ] 2022-11-17 16:45:21.327 [TestNG-tests-4] Log4j2 - Eternal Echoes
[INFO ] 2022-11-17 16:45:21.347 [TestNG-tests-4] Log4j2 - Vikramorvashiyam
[INFO ] 2022-11-17 16:45:21.365 [TestNG-tests-4] Log4j2 - 100 Selected Poems
[INFO ] 2022-11-17 16:45:21.378 [TestNG-tests-4] Log4j2 - Fantastic Beasts: The Crimes of Grindelwald - The Original Screen...
[INFO ] 2022-11-17 16:45:21.405 [TestNG-tests-4] Log4j2 - 12% off
[INFO ] 2022-11-17 16:45:21.419 [TestNG-tests-4] Log4j2 - 36% off
[INFO ] 2022-11-17 16:45:21.432 [TestNG-tests-4] Log4j2 - 38% off
[INFO ] 2022-11-17 16:45:21.447 [TestNG-tests-4] Log4j2 - 34% off
[INFO ] 2022-11-17 16:45:21.462 [TestNG-tests-4] Log4j2 - 35% off
[INFO ] 2022-11-17 16:45:21.479 [TestNG-tests-4] Log4j2 - 24% off
[INFO ] 2022-11-17 16:49:48.428 [TestNG-tests-4] Log4j2 - 1984
[INFO ] 2022-11-17 16:49:48.443 [TestNG-tests-4] Log4j2 - Hindi Sahitya Ka Itihas
[INFO ] 2022-11-17 16:49:48.454 [TestNG-tests-4] Log4j2 - Eternal Echoes
[INFO ] 2022-11-17 16:49:48.465 [TestNG-tests-4] Log4j2 - Vikramorvashiyam
