[INFO ] 2022-11-19 13:04:44.730 [main] Log4j2 - $179.95
[INFO ] 2022-11-19 13:04:44.788 [main] Log4j2 - 1
[INFO ] 2022-11-19 13:04:44.847 [main] Log4j2 - 1002
[INFO ] 2022-11-19 13:04:44.878 [main] Log4j2 - GlacierSunGlasses
[INFO ] 2022-11-19 13:04:44.912 [main] Log4j2 - $67.99
[INFO ] 2022-11-19 13:04:44.963 [main] Log4j2 - 0
[INFO ] 2022-11-19 13:04:45.016 [main] Log4j2 - 1003
[INFO ] 2022-11-19 13:04:45.049 [main] Log4j2 - PaddedSocks
[INFO ] 2022-11-19 13:04:45.093 [main] Log4j2 - $19.99
[INFO ] 2022-11-19 13:04:45.140 [main] Log4j2 - 0
[INFO ] 2022-11-19 13:04:45.189 [main] Log4j2 - 1004
[INFO ] 2022-11-19 13:04:45.222 [main] Log4j2 - HikingBoots
[INFO ] 2022-11-19 13:04:45.253 [main] Log4j2 - $109.90
[INFO ] 2022-11-19 13:04:45.302 [main] Log4j2 - 2
[INFO ] 2022-11-19 13:04:45.368 [main] Log4j2 - 1005
[INFO ] 2022-11-19 13:04:45.407 [main] Log4j2 - BackCountryShorts
[INFO ] 2022-11-19 13:04:45.442 [main] Log4j2 - $24.95
[INFO ] 2022-11-19 13:04:45.495 [main] Log4j2 - 0
[INFO ] 2022-11-19 13:07:04.151 [main] Log4j2 - Home Page Title:Welcome to Green Mountain Outpost
[INFO ] 2022-11-19 13:07:06.663 [main] Log4j2 - ItemNumber
[INFO ] 2022-11-19 13:07:06.697 [main] Log4j2 - ItemName
[INFO ] 2022-11-19 13:07:06.731 [main] Log4j2 - UnitPrice
[INFO ] 2022-11-19 13:07:06.768 [main] Log4j2 - OrderQuantity
[INFO ] 2022-11-19 13:07:06.828 [main] Log4j2 - 1000
[INFO ] 2022-11-19 13:07:06.863 [main] Log4j2 - 3PersonDomeTent
[INFO ] 2022-11-19 13:07:06.898 [main] Log4j2 - $299.99
[INFO ] 2022-11-19 13:07:06.960 [main] Log4j2 - 0
[INFO ] 2022-11-19 13:07:07.023 [main] Log4j2 - 1001
[INFO ] 2022-11-19 13:07:07.062 [main] Log4j2 - ExternalFrameBackpack
[INFO ] 2022-11-19 13:07:07.099 [main] Log4j2 - $179.95
[INFO ] 2022-11-19 13:07:07.158 [main] Log4j2 - 1
[INFO ] 2022-11-19 13:07:07.210 [main] Log4j2 - 1002
[INFO ] 2022-11-19 13:07:07.242 [main] Log4j2 - GlacierSunGlasses
[INFO ] 2022-11-19 13:07:07.273 [main] Log4j2 - $67.99
[INFO ] 2022-11-19 13:07:07.323 [main] Log4j2 - 0
[INFO ] 2022-11-19 13:07:07.377 [main] Log4j2 - 1003
