[INFO ] 2022-11-21 09:22:58.339 [main] Log4j2 - Enabled
[INFO ] 2022-11-21 09:22:58.387 [main] Log4j2 - Disabled
[INFO ] 2022-11-21 09:22:58.571 [main] Log4j2 - user selected:Enabled
[INFO ] 2022-11-21 09:24:19.139 [main] Log4j2 - User list contains 3 elements
[INFO ] 2022-11-21 09:24:19.186 [main] Log4j2 - -- Select --
[INFO ] 2022-11-21 09:24:19.259 [main] Log4j2 - Admin
[INFO ] 2022-11-21 09:24:19.290 [main] Log4j2 - ESS
[INFO ] 2022-11-21 09:24:19.488 [main] Log4j2 - user selected:Admin
[INFO ] 2022-11-21 09:24:20.349 [main] Log4j2 - User list contains 3 elements
[INFO ] 2022-11-21 09:24:20.365 [main] Log4j2 - -- Select --
[INFO ] 2022-11-21 09:24:20.381 [main] Log4j2 - Enabled
[INFO ] 2022-11-21 09:24:20.396 [main] Log4j2 - Disabled
[INFO ] 2022-11-21 09:24:20.603 [main] Log4j2 - user selected:Enabled
[INFO ] 2022-11-21 09:25:27.734 [main] Log4j2 - User list contains 3 elements
[INFO ] 2022-11-21 09:25:27.757 [main] Log4j2 - -- Select --
[INFO ] 2022-11-21 09:25:27.799 [main] Log4j2 - Admin
[INFO ] 2022-11-21 09:25:27.835 [main] Log4j2 - ESS
[INFO ] 2022-11-21 09:25:28.046 [main] Log4j2 - user selected:Admin
[INFO ] 2022-11-21 09:25:28.759 [main] Log4j2 - User list contains 3 elements
[INFO ] 2022-11-21 09:25:28.771 [main] Log4j2 - -- Select --
[INFO ] 2022-11-21 09:25:28.789 [main] Log4j2 - Enabled
[INFO ] 2022-11-21 09:25:28.803 [main] Log4j2 - Disabled
[INFO ] 2022-11-21 09:25:28.971 [main] Log4j2 - user selected:Enabled
[INFO ] 2022-11-21 09:26:04.924 [main] Log4j2 - User list contains 3 elements
[INFO ] 2022-11-21 09:26:04.958 [main] Log4j2 - -- Select --
[INFO ] 2022-11-21 09:26:04.969 [main] Log4j2 - Admin
[INFO ] 2022-11-21 09:26:04.991 [main] Log4j2 - ESS
[INFO ] 2022-11-21 09:26:05.184 [main] Log4j2 - user selected:Admin
[INFO ] 2022-11-21 09:26:05.965 [main] Log4j2 - User list contains 3 elements
[INFO ] 2022-11-21 09:26:05.980 [main] Log4j2 - -- Select --
[INFO ] 2022-11-21 09:26:06.005 [main] Log4j2 - Enabled
[INFO ] 2022-11-21 09:26:06.034 [main] Log4j2 - Disabled
