[INFO ] 2022-11-16 00:13:36.495 [main] Log4j2 - User list contains 3 elements
[INFO ] 2022-11-16 00:13:36.517 [main] Log4j2 - -- Select --
[INFO ] 2022-11-16 00:13:36.529 [main] Log4j2 - Admin
[INFO ] 2022-11-16 00:13:36.541 [main] Log4j2 - ESS
[INFO ] 2022-11-16 00:13:36.711 [main] Log4j2 - user selected:Admin
[INFO ] 2022-11-16 00:13:39.277 [main] Log4j2 - User list contains 3 elements
[INFO ] 2022-11-16 00:13:39.289 [main] Log4j2 - -- Select --
[INFO ] 2022-11-16 00:13:39.301 [main] Log4j2 - Enabled
[INFO ] 2022-11-16 00:13:39.315 [main] Log4j2 - Disabled
[INFO ] 2022-11-16 00:13:39.474 [main] Log4j2 - user selected:Enabled
[INFO ] 2022-11-16 00:15:04.439 [main] Log4j2 - User list contains 3 elements
[INFO ] 2022-11-16 00:15:04.455 [main] Log4j2 - -- Select --
[INFO ] 2022-11-16 00:15:04.508 [main] Log4j2 - Admin
[INFO ] 2022-11-16 00:15:04.523 [main] Log4j2 - ESS
[INFO ] 2022-11-16 00:15:04.694 [main] Log4j2 - user selected:Admin
[INFO ] 2022-11-16 00:15:07.269 [main] Log4j2 - User list contains 3 elements
[INFO ] 2022-11-16 00:15:07.288 [main] Log4j2 - -- Select --
[INFO ] 2022-11-16 00:15:07.303 [main] Log4j2 - Enabled
[INFO ] 2022-11-16 00:15:07.313 [main] Log4j2 - Disabled
[INFO ] 2022-11-16 00:15:07.472 [main] Log4j2 - user selected:Enabled
[INFO ] 2022-11-16 00:32:59.893 [main] Log4j2 - User list contains 3 elements
[INFO ] 2022-11-16 00:32:59.908 [main] Log4j2 - -- Select --
[INFO ] 2022-11-16 00:32:59.919 [main] Log4j2 - Admin
[INFO ] 2022-11-16 00:32:59.929 [main] Log4j2 - ESS
[INFO ] 2022-11-16 00:33:00.075 [main] Log4j2 - user selected:Admin
[INFO ] 2022-11-16 00:33:02.647 [main] Log4j2 - User list contains 3 elements
[INFO ] 2022-11-16 00:33:02.662 [main] Log4j2 - -- Select --
[INFO ] 2022-11-16 00:33:02.676 [main] Log4j2 - Enabled
[INFO ] 2022-11-16 00:33:02.690 [main] Log4j2 - Disabled
[INFO ] 2022-11-16 00:33:02.837 [main] Log4j2 - user selected:Enabled
[INFO ] 2022-11-16 00:33:10.943 [main] Log4j2 - rows:3, cols:6
[INFO ] 2022-11-16 00:33:10.943 [main] Log4j2 - -----------------========================------------------
