[INFO ] 2022-11-20 23:28:31.249 [main] Log4j2 - User list contains 3 elements
[INFO ] 2022-11-20 23:28:31.293 [main] Log4j2 - -- Select --
[INFO ] 2022-11-20 23:28:31.312 [main] Log4j2 - Admin
[INFO ] 2022-11-20 23:28:31.331 [main] Log4j2 - ESS
[INFO ] 2022-11-20 23:28:31.495 [main] Log4j2 - user selected:Admin
[INFO ] 2022-11-20 23:29:42.043 [main] Log4j2 - User list contains 3 elements
[INFO ] 2022-11-20 23:29:42.068 [main] Log4j2 - -- Select --
[INFO ] 2022-11-20 23:29:42.075 [main] Log4j2 - Admin
[INFO ] 2022-11-20 23:29:42.098 [main] Log4j2 - ESS
[INFO ] 2022-11-20 23:29:42.308 [main] Log4j2 - user selected:Admin
[INFO ] 2022-11-20 23:32:09.160 [main] Log4j2 - User list contains 3 elements
[INFO ] 2022-11-20 23:32:09.186 [main] Log4j2 - -- Select --
[INFO ] 2022-11-20 23:32:09.256 [main] Log4j2 - Admin
[INFO ] 2022-11-20 23:32:09.288 [main] Log4j2 - ESS
[INFO ] 2022-11-20 23:32:09.488 [main] Log4j2 - user selected:Admin
[INFO ] 2022-11-20 23:34:09.859 [main] Log4j2 - User list contains 3 elements
[INFO ] 2022-11-20 23:34:09.890 [main] Log4j2 - -- Select --
[INFO ] 2022-11-20 23:34:09.904 [main] Log4j2 - Admin
[INFO ] 2022-11-20 23:34:09.936 [main] Log4j2 - ESS
[INFO ] 2022-11-20 23:34:10.143 [main] Log4j2 - user selected:Admin
[INFO ] 2022-11-20 23:35:54.001 [main] Log4j2 - User list contains 3 elements
[INFO ] 2022-11-20 23:35:54.021 [main] Log4j2 - -- Select --
[INFO ] 2022-11-20 23:35:54.036 [main] Log4j2 - Admin
[INFO ] 2022-11-20 23:35:54.051 [main] Log4j2 - ESS
[INFO ] 2022-11-20 23:35:54.243 [main] Log4j2 - user selected:Admin
[INFO ] 2022-11-20 23:36:52.356 [main] Log4j2 - User list contains 3 elements
[INFO ] 2022-11-20 23:36:52.388 [main] Log4j2 - -- Select --
[INFO ] 2022-11-20 23:36:52.403 [main] Log4j2 - Admin
[INFO ] 2022-11-20 23:36:52.419 [main] Log4j2 - ESS
[INFO ] 2022-11-20 23:36:52.608 [main] Log4j2 - user selected:Admin
[INFO ] 2022-11-20 23:36:55.506 [main] Log4j2 - User list contains 3 elements
[INFO ] 2022-11-20 23:36:55.523 [main] Log4j2 - -- Select --
